<!DOCTYPE html>

<html>
  <head>
  <title>TestNG reports</title>

    <link type="text/css" href="testng-reports.css" rel="stylesheet" />  
    <script type="text/javascript" src="jquery-1.7.1.min.js"></script>
    <script type="text/javascript" src="testng-reports.js"></script>
    <script type="text/javascript" src="https://www.google.com/jsapi"></script>
    <script type='text/javascript'>
      google.load('visualization', '1', {packages:['table']});
      google.setOnLoadCallback(drawTable);
      var suiteTableInitFunctions = new Array();
      var suiteTableData = new Array();
    </script>
    <!--
      <script type="text/javascript" src="jquery-ui/js/jquery-ui-1.8.16.custom.min.js"></script>
     -->
  </head>

  <body>
    <div class="top-banner-root">
      <span class="top-banner-title-font">Test results</span>
      <br/>
      <span class="top-banner-font-1">1 suite, 1 failed test</span>
    </div> <!-- top-banner-root -->
    <div class="navigator-root">
      <div class="navigator-suite-header">
        <span>All suites</span>
        <a href="#" class="collapse-all-link" title="Collapse/expand all the suites">
          <img class="collapse-all-icon" src="collapseall.gif">
          </img> <!-- collapse-all-icon -->
        </a> <!-- collapse-all-link -->
      </div> <!-- navigator-suite-header -->
      <div class="suite">
        <div class="rounded-window">
          <div class="suite-header light-rounded-window-top">
            <a href="#" class="navigator-link" panel-name="suite-SuiteName">
              <span class="suite-name border-failed">SuiteName</span>
            </a> <!-- navigator-link -->
          </div> <!-- suite-header light-rounded-window-top -->
          <div class="navigator-suite-content">
            <div class="suite-section-title">
              <span>Info</span>
            </div> <!-- suite-section-title -->
            <div class="suite-section-content">
              <ul>
                <li>
                  <a href="#" class="navigator-link " panel-name="test-xml-SuiteName">
                    <span>D:\Programming\javaworkspace\DataDriven_Core_Framework\src\test\resources\testng.xml</span>
                  </a> <!-- navigator-link  -->
                </li>
                <li>
                  <a href="#" class="navigator-link " panel-name="testlist-SuiteName">
                    <span class="test-stats">3 tests</span>
                  </a> <!-- navigator-link  -->
                </li>
                <li>
                  <a href="#" class="navigator-link " panel-name="group-SuiteName">
                    <span>0 groups</span>
                  </a> <!-- navigator-link  -->
                </li>
                <li>
                  <a href="#" class="navigator-link " panel-name="times-SuiteName">
                    <span>Times</span>
                  </a> <!-- navigator-link  -->
                </li>
                <li>
                  <a href="#" class="navigator-link " panel-name="reporter-SuiteName">
                    <span>Reporter output</span>
                  </a> <!-- navigator-link  -->
                </li>
                <li>
                  <a href="#" class="navigator-link " panel-name="ignored-methods-SuiteName">
                    <span>Ignored methods</span>
                  </a> <!-- navigator-link  -->
                </li>
                <li>
                  <a href="#" class="navigator-link " panel-name="chronological-SuiteName">
                    <span>Chronological view</span>
                  </a> <!-- navigator-link  -->
                </li>
              </ul>
            </div> <!-- suite-section-content -->
            <div class="result-section">
              <div class="suite-section-title">
                <span>Results</span>
              </div> <!-- suite-section-title -->
              <div class="suite-section-content">
                <ul>
                  <li>
                    <span class="method-stats">15 methods, 1 failed,  8 skipped,  6 passed</span>
                  </li>
                  <li>
                    <span class="method-list-title failed">Failed methods</span>
                    <span class="show-or-hide-methods failed">
                      <a href="#" panel-name="suite-SuiteName" class="hide-methods failed suite-SuiteName"> (hide)</a> <!-- hide-methods failed suite-SuiteName -->
                      <a href="#" panel-name="suite-SuiteName" class="show-methods failed suite-SuiteName"> (show)</a> <!-- show-methods failed suite-SuiteName -->
                    </span>
                    <div class="method-list-content failed suite-SuiteName">
                      <span>
                        <img width="3%" src="failed.png"/>
                        <a href="#" class="method navigator-link" panel-name="suite-SuiteName" title="com.qtpselenium.core.ddf.testcases.DummyTestA" hash-for-method="testA1">testA1</a> <!-- method navigator-link -->
                      </span>
                      <br/>
                    </div> <!-- method-list-content failed suite-SuiteName -->
                  </li>
                  <li>
                    <span class="method-list-title skipped">Skipped methods</span>
                    <span class="show-or-hide-methods skipped">
                      <a href="#" panel-name="suite-SuiteName" class="hide-methods skipped suite-SuiteName"> (hide)</a> <!-- hide-methods skipped suite-SuiteName -->
                      <a href="#" panel-name="suite-SuiteName" class="show-methods skipped suite-SuiteName"> (show)</a> <!-- show-methods skipped suite-SuiteName -->
                    </span>
                    <div class="method-list-content skipped suite-SuiteName">
                      <span>
                        <img width="3%" src="skipped.png"/>
                        <a href="#" class="method navigator-link" panel-name="suite-SuiteName" title="com.qtpselenium.core.ddf.testcases.DummyTestA" hash-for-method="testA2">testA2</a> <!-- method navigator-link -->
                      </span>
                      <br/>
                      <span>
                        <img width="3%" src="skipped.png"/>
                        <a href="#" class="method navigator-link" panel-name="suite-SuiteName" title="com.qtpselenium.core.ddf.testcases.DummyTestA" hash-for-method="testA3">testA3</a> <!-- method navigator-link -->
                      </span>
                      <br/>
                      <span>
                        <img width="3%" src="skipped.png"/>
                        <a href="#" class="method navigator-link" panel-name="suite-SuiteName" title="com.qtpselenium.core.ddf.testcases.DummyTestB" hash-for-method="testB({ColA=B9, Runmode=N, ColD=B12, ColC=B11, ColB=B10})">testB({ColA=B9, Runmode=N, ColD=B12, ColC=B11, ColB=B10})</a> <!-- method navigator-link -->
                      </span>
                      <br/>
                      <span>
                        <img width="3%" src="skipped.png"/>
                        <a href="#" class="method navigator-link" panel-name="suite-SuiteName" title="com.qtpselenium.core.ddf.testcases.DummyTestB" hash-for-method="testB({ColA=B13, Runmode=N, ColD=B16, ColC=B15, ColB=B14})">testB({ColA=B13, Runmode=N, ColD=B16, ColC=B15, ColB=B14})</a> <!-- method navigator-link -->
                      </span>
                      <br/>
                      <span>
                        <img width="3%" src="skipped.png"/>
                        <a href="#" class="method navigator-link" panel-name="suite-SuiteName" title="com.qtpselenium.core.ddf.testcases.DummyTestC" hash-for-method="testC({ColA=C7, Runmode=N, ColB=C8})">testC({ColA=C7, Runmode=N, ColB=C8})</a> <!-- method navigator-link -->
                      </span>
                      <br/>
                      <span>
                        <img width="3%" src="skipped.png"/>
                        <a href="#" class="method navigator-link" panel-name="suite-SuiteName" title="com.qtpselenium.core.ddf.testcases.DummyTestC" hash-for-method="testC({ColA=C3, Runmode=N, ColB=C4})">testC({ColA=C3, Runmode=N, ColB=C4})</a> <!-- method navigator-link -->
                      </span>
                      <br/>
                      <span>
                        <img width="3%" src="skipped.png"/>
                        <a href="#" class="method navigator-link" panel-name="suite-SuiteName" title="com.qtpselenium.core.ddf.testcases.DummyTestC" hash-for-method="testC({ColA=C15, Runmode=N, ColB=C16})">testC({ColA=C15, Runmode=N, ColB=C16})</a> <!-- method navigator-link -->
                      </span>
                      <br/>
                      <span>
                        <img width="3%" src="skipped.png"/>
                        <a href="#" class="method navigator-link" panel-name="suite-SuiteName" title="com.qtpselenium.core.ddf.testcases.DummyTestC" hash-for-method="testC({ColA=C11, Runmode=N, ColB=C12})">testC({ColA=C11, Runmode=N, ColB=C12})</a> <!-- method navigator-link -->
                      </span>
                      <br/>
                    </div> <!-- method-list-content skipped suite-SuiteName -->
                  </li>
                  <li>
                    <span class="method-list-title passed">Passed methods</span>
                    <span class="show-or-hide-methods passed">
                      <a href="#" panel-name="suite-SuiteName" class="hide-methods passed suite-SuiteName"> (hide)</a> <!-- hide-methods passed suite-SuiteName -->
                      <a href="#" panel-name="suite-SuiteName" class="show-methods passed suite-SuiteName"> (show)</a> <!-- show-methods passed suite-SuiteName -->
                    </span>
                    <div class="method-list-content passed suite-SuiteName">
                      <span>
                        <img width="3%" src="passed.png"/>
                        <a href="#" class="method navigator-link" panel-name="suite-SuiteName" title="com.qtpselenium.core.ddf.testcases.DummyTestB" hash-for-method="testB({ColA=B1, Runmode=Y, ColD=B4, ColC=B3, ColB=B2})">testB({ColA=B1, Runmode=Y, ColD=B4, ColC=B3, ColB=B2})</a> <!-- method navigator-link -->
                      </span>
                      <br/>
                      <span>
                        <img width="3%" src="passed.png"/>
                        <a href="#" class="method navigator-link" panel-name="suite-SuiteName" title="com.qtpselenium.core.ddf.testcases.DummyTestB" hash-for-method="testB({ColA=B5, Runmode=Y, ColD=B8, ColC=B7, ColB=B6})">testB({ColA=B5, Runmode=Y, ColD=B8, ColC=B7, ColB=B6})</a> <!-- method navigator-link -->
                      </span>
                      <br/>
                      <span>
                        <img width="3%" src="passed.png"/>
                        <a href="#" class="method navigator-link" panel-name="suite-SuiteName" title="com.qtpselenium.core.ddf.testcases.DummyTestC" hash-for-method="testC({ColA=C5, Runmode=Y, ColB=C6})">testC({ColA=C5, Runmode=Y, ColB=C6})</a> <!-- method navigator-link -->
                      </span>
                      <br/>
                      <span>
                        <img width="3%" src="passed.png"/>
                        <a href="#" class="method navigator-link" panel-name="suite-SuiteName" title="com.qtpselenium.core.ddf.testcases.DummyTestC" hash-for-method="testC({ColA=C9, Runmode=Y, ColB=C10})">testC({ColA=C9, Runmode=Y, ColB=C10})</a> <!-- method navigator-link -->
                      </span>
                      <br/>
                      <span>
                        <img width="3%" src="passed.png"/>
                        <a href="#" class="method navigator-link" panel-name="suite-SuiteName" title="com.qtpselenium.core.ddf.testcases.DummyTestC" hash-for-method="testC({ColA=C1, Runmode=Y, ColB=C2})">testC({ColA=C1, Runmode=Y, ColB=C2})</a> <!-- method navigator-link -->
                      </span>
                      <br/>
                      <span>
                        <img width="3%" src="passed.png"/>
                        <a href="#" class="method navigator-link" panel-name="suite-SuiteName" title="com.qtpselenium.core.ddf.testcases.DummyTestC" hash-for-method="testC({ColA=C13, Runmode=Y, ColB=C14})">testC({ColA=C13, Runmode=Y, ColB=C14})</a> <!-- method navigator-link -->
                      </span>
                      <br/>
                    </div> <!-- method-list-content passed suite-SuiteName -->
                  </li>
                </ul>
              </div> <!-- suite-section-content -->
            </div> <!-- result-section -->
          </div> <!-- navigator-suite-content -->
        </div> <!-- rounded-window -->
      </div> <!-- suite -->
    </div> <!-- navigator-root -->
    <div class="wrapper">
      <div class="main-panel-root">
        <div panel-name="suite-SuiteName" class="panel SuiteName">
          <div class="suite-SuiteName-class-failed">
            <div class="main-panel-header rounded-window-top">
              <img src="failed.png"/>
              <span class="class-name">com.qtpselenium.core.ddf.testcases.DummyTestA</span>
            </div> <!-- main-panel-header rounded-window-top -->
            <div class="main-panel-content rounded-window-bottom">
              <div class="method">
                <div class="method-content">
                  <a name="testA1">
                  </a> <!-- testA1 -->
                  <span class="method-name">testA1</span>
                  <div class="stack-trace"><b>"java.lang.AssertionError: null
	at com.qtpselenium.core.ddf.testcases.DummyTestA.testA1(DummyTestA.java:23)
... Removed 26 stack frames<br/> java.lang.AssertionError: null
	at org.testng.Assert.fail(Assert.java:94)
	at org.testng.Assert.fail(Assert.java:101)
	at com.qtpselenium.core.ddf.testcases.DummyTestA.testA1(DummyTestA.java:23)
	at sun.reflect.NativeMethodAccessorImpl.invoke0(Native Method)
	at sun.reflect.NativeMethodAccessorImpl.invoke(Unknown Source)
	at sun.reflect.DelegatingMethodAccessorImpl.invoke(Unknown Source)
	at java.lang.reflect.Method.invoke(Unknown Source)
	at org.testng.internal.MethodInvocationHelper.invokeMethod(MethodInvocationHelper.java:80)
	at org.testng.internal.Invoker.invokeMethod(Invoker.java:714)
	at org.testng.internal.Invoker.invokeTestMethod(Invoker.java:901)
	at org.testng.internal.Invoker.invokeTestMethods(Invoker.java:1231)
	at org.testng.internal.TestMethodWorker.invokeTestMethods(TestMethodWorker.java:127)
	at org.testng.internal.TestMethodWorker.run(TestMethodWorker.java:111)
	at org.testng.TestRunner.privateRun(TestRunner.java:767)
	at org.testng.TestRunner.run(TestRunner.java:617)
	at org.testng.SuiteRunner.runTest(SuiteRunner.java:334)
	at org.testng.SuiteRunner.runSequentially(SuiteRunner.java:329)
	at org.testng.SuiteRunner.privateRun(SuiteRunner.java:291)
	at org.testng.SuiteRunner.run(SuiteRunner.java:240)
	at org.testng.SuiteRunnerWorker.runSuite(SuiteRunnerWorker.java:52)
	at org.testng.SuiteRunnerWorker.run(SuiteRunnerWorker.java:86)
	at org.testng.TestNG.runSuitesSequentially(TestNG.java:1198)
	at org.testng.TestNG.runSuitesLocally(TestNG.java:1123)
	at org.testng.TestNG.run(TestNG.java:1031)
	at org.testng.remote.AbstractRemoteTestNG.run(AbstractRemoteTestNG.java:132)
	at org.testng.remote.RemoteTestNG.initAndRun(RemoteTestNG.java:236)
	at org.testng.remote.RemoteTestNG.main(RemoteTestNG.java:81)
"</b><br>org.testng.Assert.fail(Assert.java:94)<br>org.testng.Assert.fail(Assert.java:101)<br>com.qtpselenium.core.ddf.testcases.DummyTestA.testA1(DummyTestA.java:23)<br>sun.reflect.NativeMethodAccessorImpl.invoke0(Native Method)<br>sun.reflect.NativeMethodAccessorImpl.invoke(Unknown Source)<br>sun.reflect.DelegatingMethodAccessorImpl.invoke(Unknown Source)<br>java.lang.reflect.Method.invoke(Unknown Source)<br>org.testng.internal.MethodInvocationHelper.invokeMethod(MethodInvocationHelper.java:80)<br>org.testng.internal.Invoker.invokeMethod(Invoker.java:714)<br>org.testng.internal.Invoker.invokeTestMethod(Invoker.java:901)<br>org.testng.internal.Invoker.invokeTestMethods(Invoker.java:1231)<br>org.testng.internal.TestMethodWorker.invokeTestMethods(TestMethodWorker.java:127)<br>org.testng.internal.TestMethodWorker.run(TestMethodWorker.java:111)<br>org.testng.TestRunner.privateRun(TestRunner.java:767)<br>org.testng.TestRunner.run(TestRunner.java:617)<br>org.testng.SuiteRunner.runTest(SuiteRunner.java:334)<br>org.testng.SuiteRunner.runSequentially(SuiteRunner.java:329)<br>org.testng.SuiteRunner.privateRun(SuiteRunner.java:291)<br>org.testng.SuiteRunner.run(SuiteRunner.java:240)<br>org.testng.SuiteRunnerWorker.runSuite(SuiteRunnerWorker.java:52)<br>org.testng.SuiteRunnerWorker.run(SuiteRunnerWorker.java:86)<br>org.testng.TestNG.runSuitesSequentially(TestNG.java:1198)<br>org.testng.TestNG.runSuitesLocally(TestNG.java:1123)<br>org.testng.TestNG.run(TestNG.java:1031)<br>org.testng.remote.AbstractRemoteTestNG.run(AbstractRemoteTestNG.java:132)<br>org.testng.remote.RemoteTestNG.initAndRun(RemoteTestNG.java:236)<br>org.testng.remote.RemoteTestNG.main(RemoteTestNG.java:81)<br>
</div> <!-- stack-trace -->
                </div> <!-- method-content -->
              </div> <!-- method -->
            </div> <!-- main-panel-content rounded-window-bottom -->
          </div> <!-- suite-SuiteName-class-failed -->
          <div class="suite-SuiteName-class-skipped">
            <div class="main-panel-header rounded-window-top">
              <img src="skipped.png"/>
              <span class="class-name">com.qtpselenium.core.ddf.testcases.DummyTestA</span>
            </div> <!-- main-panel-header rounded-window-top -->
            <div class="main-panel-content rounded-window-bottom">
              <div class="method">
                <div class="method-content">
                  <a name="testA2">
                  </a> <!-- testA2 -->
                  <span class="method-name">testA2</span>
                </div> <!-- method-content -->
              </div> <!-- method -->
              <div class="method">
                <div class="method-content">
                  <a name="testA3">
                  </a> <!-- testA3 -->
                  <span class="method-name">testA3</span>
                </div> <!-- method-content -->
              </div> <!-- method -->
            </div> <!-- main-panel-content rounded-window-bottom -->
          </div> <!-- suite-SuiteName-class-skipped -->
          <div class="suite-SuiteName-class-skipped">
            <div class="main-panel-header rounded-window-top">
              <img src="skipped.png"/>
              <span class="class-name">com.qtpselenium.core.ddf.testcases.DummyTestC</span>
            </div> <!-- main-panel-header rounded-window-top -->
            <div class="main-panel-content rounded-window-bottom">
              <div class="method">
                <div class="method-content">
                  <a name="testC({ColA=C7, Runmode=N, ColB=C8})">
                  </a> <!-- testC({ColA=C7, Runmode=N, ColB=C8}) -->
                  <span class="method-name">testC</span>
                  <span class="parameters">({ColA=C7, Runmode=N, ColB=C8})</span>
                  <div class="stack-trace"><b>"org.testng.SkipException: Skipping the test as runmode is N
	at com.qtpselenium.core.ddf.testcases.DummyTestC.testC(DummyTestC.java:35)
... Removed 24 stack frames<br/> org.testng.SkipException: Skipping the test as runmode is N
	at com.qtpselenium.core.ddf.testcases.DummyTestC.testC(DummyTestC.java:35)
	at sun.reflect.NativeMethodAccessorImpl.invoke0(Native Method)
	at sun.reflect.NativeMethodAccessorImpl.invoke(Unknown Source)
	at sun.reflect.DelegatingMethodAccessorImpl.invoke(Unknown Source)
	at java.lang.reflect.Method.invoke(Unknown Source)
	at org.testng.internal.MethodInvocationHelper.invokeMethod(MethodInvocationHelper.java:80)
	at org.testng.internal.Invoker.invokeMethod(Invoker.java:714)
	at org.testng.internal.Invoker.invokeTestMethod(Invoker.java:901)
	at org.testng.internal.Invoker.invokeTestMethods(Invoker.java:1231)
	at org.testng.internal.TestMethodWorker.invokeTestMethods(TestMethodWorker.java:127)
	at org.testng.internal.TestMethodWorker.run(TestMethodWorker.java:111)
	at org.testng.TestRunner.privateRun(TestRunner.java:767)
	at org.testng.TestRunner.run(TestRunner.java:617)
	at org.testng.SuiteRunner.runTest(SuiteRunner.java:334)
	at org.testng.SuiteRunner.runSequentially(SuiteRunner.java:329)
	at org.testng.SuiteRunner.privateRun(SuiteRunner.java:291)
	at org.testng.SuiteRunner.run(SuiteRunner.java:240)
	at org.testng.SuiteRunnerWorker.runSuite(SuiteRunnerWorker.java:52)
	at org.testng.SuiteRunnerWorker.run(SuiteRunnerWorker.java:86)
	at org.testng.TestNG.runSuitesSequentially(TestNG.java:1198)
	at org.testng.TestNG.runSuitesLocally(TestNG.java:1123)
	at org.testng.TestNG.run(TestNG.java:1031)
	at org.testng.remote.AbstractRemoteTestNG.run(AbstractRemoteTestNG.java:132)
	at org.testng.remote.RemoteTestNG.initAndRun(RemoteTestNG.java:236)
	at org.testng.remote.RemoteTestNG.main(RemoteTestNG.java:81)
"</b><br>com.qtpselenium.core.ddf.testcases.DummyTestC.testC(DummyTestC.java:35)<br>sun.reflect.NativeMethodAccessorImpl.invoke0(Native Method)<br>sun.reflect.NativeMethodAccessorImpl.invoke(Unknown Source)<br>sun.reflect.DelegatingMethodAccessorImpl.invoke(Unknown Source)<br>java.lang.reflect.Method.invoke(Unknown Source)<br>org.testng.internal.MethodInvocationHelper.invokeMethod(MethodInvocationHelper.java:80)<br>org.testng.internal.Invoker.invokeMethod(Invoker.java:714)<br>org.testng.internal.Invoker.invokeTestMethod(Invoker.java:901)<br>org.testng.internal.Invoker.invokeTestMethods(Invoker.java:1231)<br>org.testng.internal.TestMethodWorker.invokeTestMethods(TestMethodWorker.java:127)<br>org.testng.internal.TestMethodWorker.run(TestMethodWorker.java:111)<br>org.testng.TestRunner.privateRun(TestRunner.java:767)<br>org.testng.TestRunner.run(TestRunner.java:617)<br>org.testng.SuiteRunner.runTest(SuiteRunner.java:334)<br>org.testng.SuiteRunner.runSequentially(SuiteRunner.java:329)<br>org.testng.SuiteRunner.privateRun(SuiteRunner.java:291)<br>org.testng.SuiteRunner.run(SuiteRunner.java:240)<br>org.testng.SuiteRunnerWorker.runSuite(SuiteRunnerWorker.java:52)<br>org.testng.SuiteRunnerWorker.run(SuiteRunnerWorker.java:86)<br>org.testng.TestNG.runSuitesSequentially(TestNG.java:1198)<br>org.testng.TestNG.runSuitesLocally(TestNG.java:1123)<br>org.testng.TestNG.run(TestNG.java:1031)<br>org.testng.remote.AbstractRemoteTestNG.run(AbstractRemoteTestNG.java:132)<br>org.testng.remote.RemoteTestNG.initAndRun(RemoteTestNG.java:236)<br>org.testng.remote.RemoteTestNG.main(RemoteTestNG.java:81)<br>
</div> <!-- stack-trace -->
                </div> <!-- method-content -->
              </div> <!-- method -->
              <div class="method">
                <div class="method-content">
                  <a name="testC({ColA=C3, Runmode=N, ColB=C4})">
                  </a> <!-- testC({ColA=C3, Runmode=N, ColB=C4}) -->
                  <span class="method-name">testC</span>
                  <span class="parameters">({ColA=C3, Runmode=N, ColB=C4})</span>
                  <div class="stack-trace"><b>"org.testng.SkipException: Skipping the test as runmode is N
	at com.qtpselenium.core.ddf.testcases.DummyTestC.testC(DummyTestC.java:35)
... Removed 24 stack frames<br/> org.testng.SkipException: Skipping the test as runmode is N
	at com.qtpselenium.core.ddf.testcases.DummyTestC.testC(DummyTestC.java:35)
	at sun.reflect.NativeMethodAccessorImpl.invoke0(Native Method)
	at sun.reflect.NativeMethodAccessorImpl.invoke(Unknown Source)
	at sun.reflect.DelegatingMethodAccessorImpl.invoke(Unknown Source)
	at java.lang.reflect.Method.invoke(Unknown Source)
	at org.testng.internal.MethodInvocationHelper.invokeMethod(MethodInvocationHelper.java:80)
	at org.testng.internal.Invoker.invokeMethod(Invoker.java:714)
	at org.testng.internal.Invoker.invokeTestMethod(Invoker.java:901)
	at org.testng.internal.Invoker.invokeTestMethods(Invoker.java:1231)
	at org.testng.internal.TestMethodWorker.invokeTestMethods(TestMethodWorker.java:127)
	at org.testng.internal.TestMethodWorker.run(TestMethodWorker.java:111)
	at org.testng.TestRunner.privateRun(TestRunner.java:767)
	at org.testng.TestRunner.run(TestRunner.java:617)
	at org.testng.SuiteRunner.runTest(SuiteRunner.java:334)
	at org.testng.SuiteRunner.runSequentially(SuiteRunner.java:329)
	at org.testng.SuiteRunner.privateRun(SuiteRunner.java:291)
	at org.testng.SuiteRunner.run(SuiteRunner.java:240)
	at org.testng.SuiteRunnerWorker.runSuite(SuiteRunnerWorker.java:52)
	at org.testng.SuiteRunnerWorker.run(SuiteRunnerWorker.java:86)
	at org.testng.TestNG.runSuitesSequentially(TestNG.java:1198)
	at org.testng.TestNG.runSuitesLocally(TestNG.java:1123)
	at org.testng.TestNG.run(TestNG.java:1031)
	at org.testng.remote.AbstractRemoteTestNG.run(AbstractRemoteTestNG.java:132)
	at org.testng.remote.RemoteTestNG.initAndRun(RemoteTestNG.java:236)
	at org.testng.remote.RemoteTestNG.main(RemoteTestNG.java:81)
"</b><br>com.qtpselenium.core.ddf.testcases.DummyTestC.testC(DummyTestC.java:35)<br>sun.reflect.NativeMethodAccessorImpl.invoke0(Native Method)<br>sun.reflect.NativeMethodAccessorImpl.invoke(Unknown Source)<br>sun.reflect.DelegatingMethodAccessorImpl.invoke(Unknown Source)<br>java.lang.reflect.Method.invoke(Unknown Source)<br>org.testng.internal.MethodInvocationHelper.invokeMethod(MethodInvocationHelper.java:80)<br>org.testng.internal.Invoker.invokeMethod(Invoker.java:714)<br>org.testng.internal.Invoker.invokeTestMethod(Invoker.java:901)<br>org.testng.internal.Invoker.invokeTestMethods(Invoker.java:1231)<br>org.testng.internal.TestMethodWorker.invokeTestMethods(TestMethodWorker.java:127)<br>org.testng.internal.TestMethodWorker.run(TestMethodWorker.java:111)<br>org.testng.TestRunner.privateRun(TestRunner.java:767)<br>org.testng.TestRunner.run(TestRunner.java:617)<br>org.testng.SuiteRunner.runTest(SuiteRunner.java:334)<br>org.testng.SuiteRunner.runSequentially(SuiteRunner.java:329)<br>org.testng.SuiteRunner.privateRun(SuiteRunner.java:291)<br>org.testng.SuiteRunner.run(SuiteRunner.java:240)<br>org.testng.SuiteRunnerWorker.runSuite(SuiteRunnerWorker.java:52)<br>org.testng.SuiteRunnerWorker.run(SuiteRunnerWorker.java:86)<br>org.testng.TestNG.runSuitesSequentially(TestNG.java:1198)<br>org.testng.TestNG.runSuitesLocally(TestNG.java:1123)<br>org.testng.TestNG.run(TestNG.java:1031)<br>org.testng.remote.AbstractRemoteTestNG.run(AbstractRemoteTestNG.java:132)<br>org.testng.remote.RemoteTestNG.initAndRun(RemoteTestNG.java:236)<br>org.testng.remote.RemoteTestNG.main(RemoteTestNG.java:81)<br>
</div> <!-- stack-trace -->
                </div> <!-- method-content -->
              </div> <!-- method -->
              <div class="method">
                <div class="method-content">
                  <a name="testC({ColA=C15, Runmode=N, ColB=C16})">
                  </a> <!-- testC({ColA=C15, Runmode=N, ColB=C16}) -->
                  <span class="method-name">testC</span>
                  <span class="parameters">({ColA=C15, Runmode=N, ColB=C16})</span>
                  <div class="stack-trace"><b>"org.testng.SkipException: Skipping the test as runmode is N
	at com.qtpselenium.core.ddf.testcases.DummyTestC.testC(DummyTestC.java:35)
... Removed 24 stack frames<br/> org.testng.SkipException: Skipping the test as runmode is N
	at com.qtpselenium.core.ddf.testcases.DummyTestC.testC(DummyTestC.java:35)
	at sun.reflect.NativeMethodAccessorImpl.invoke0(Native Method)
	at sun.reflect.NativeMethodAccessorImpl.invoke(Unknown Source)
	at sun.reflect.DelegatingMethodAccessorImpl.invoke(Unknown Source)
	at java.lang.reflect.Method.invoke(Unknown Source)
	at org.testng.internal.MethodInvocationHelper.invokeMethod(MethodInvocationHelper.java:80)
	at org.testng.internal.Invoker.invokeMethod(Invoker.java:714)
	at org.testng.internal.Invoker.invokeTestMethod(Invoker.java:901)
	at org.testng.internal.Invoker.invokeTestMethods(Invoker.java:1231)
	at org.testng.internal.TestMethodWorker.invokeTestMethods(TestMethodWorker.java:127)
	at org.testng.internal.TestMethodWorker.run(TestMethodWorker.java:111)
	at org.testng.TestRunner.privateRun(TestRunner.java:767)
	at org.testng.TestRunner.run(TestRunner.java:617)
	at org.testng.SuiteRunner.runTest(SuiteRunner.java:334)
	at org.testng.SuiteRunner.runSequentially(SuiteRunner.java:329)
	at org.testng.SuiteRunner.privateRun(SuiteRunner.java:291)
	at org.testng.SuiteRunner.run(SuiteRunner.java:240)
	at org.testng.SuiteRunnerWorker.runSuite(SuiteRunnerWorker.java:52)
	at org.testng.SuiteRunnerWorker.run(SuiteRunnerWorker.java:86)
	at org.testng.TestNG.runSuitesSequentially(TestNG.java:1198)
	at org.testng.TestNG.runSuitesLocally(TestNG.java:1123)
	at org.testng.TestNG.run(TestNG.java:1031)
	at org.testng.remote.AbstractRemoteTestNG.run(AbstractRemoteTestNG.java:132)
	at org.testng.remote.RemoteTestNG.initAndRun(RemoteTestNG.java:236)
	at org.testng.remote.RemoteTestNG.main(RemoteTestNG.java:81)
"</b><br>com.qtpselenium.core.ddf.testcases.DummyTestC.testC(DummyTestC.java:35)<br>sun.reflect.NativeMethodAccessorImpl.invoke0(Native Method)<br>sun.reflect.NativeMethodAccessorImpl.invoke(Unknown Source)<br>sun.reflect.DelegatingMethodAccessorImpl.invoke(Unknown Source)<br>java.lang.reflect.Method.invoke(Unknown Source)<br>org.testng.internal.MethodInvocationHelper.invokeMethod(MethodInvocationHelper.java:80)<br>org.testng.internal.Invoker.invokeMethod(Invoker.java:714)<br>org.testng.internal.Invoker.invokeTestMethod(Invoker.java:901)<br>org.testng.internal.Invoker.invokeTestMethods(Invoker.java:1231)<br>org.testng.internal.TestMethodWorker.invokeTestMethods(TestMethodWorker.java:127)<br>org.testng.internal.TestMethodWorker.run(TestMethodWorker.java:111)<br>org.testng.TestRunner.privateRun(TestRunner.java:767)<br>org.testng.TestRunner.run(TestRunner.java:617)<br>org.testng.SuiteRunner.runTest(SuiteRunner.java:334)<br>org.testng.SuiteRunner.runSequentially(SuiteRunner.java:329)<br>org.testng.SuiteRunner.privateRun(SuiteRunner.java:291)<br>org.testng.SuiteRunner.run(SuiteRunner.java:240)<br>org.testng.SuiteRunnerWorker.runSuite(SuiteRunnerWorker.java:52)<br>org.testng.SuiteRunnerWorker.run(SuiteRunnerWorker.java:86)<br>org.testng.TestNG.runSuitesSequentially(TestNG.java:1198)<br>org.testng.TestNG.runSuitesLocally(TestNG.java:1123)<br>org.testng.TestNG.run(TestNG.java:1031)<br>org.testng.remote.AbstractRemoteTestNG.run(AbstractRemoteTestNG.java:132)<br>org.testng.remote.RemoteTestNG.initAndRun(RemoteTestNG.java:236)<br>org.testng.remote.RemoteTestNG.main(RemoteTestNG.java:81)<br>
</div> <!-- stack-trace -->
                </div> <!-- method-content -->
              </div> <!-- method -->
              <div class="method">
                <div class="method-content">
                  <a name="testC({ColA=C11, Runmode=N, ColB=C12})">
                  </a> <!-- testC({ColA=C11, Runmode=N, ColB=C12}) -->
                  <span class="method-name">testC</span>
                  <span class="parameters">({ColA=C11, Runmode=N, ColB=C12})</span>
                  <div class="stack-trace"><b>"org.testng.SkipException: Skipping the test as runmode is N
	at com.qtpselenium.core.ddf.testcases.DummyTestC.testC(DummyTestC.java:35)
... Removed 24 stack frames<br/> org.testng.SkipException: Skipping the test as runmode is N
	at com.qtpselenium.core.ddf.testcases.DummyTestC.testC(DummyTestC.java:35)
	at sun.reflect.NativeMethodAccessorImpl.invoke0(Native Method)
	at sun.reflect.NativeMethodAccessorImpl.invoke(Unknown Source)
	at sun.reflect.DelegatingMethodAccessorImpl.invoke(Unknown Source)
	at java.lang.reflect.Method.invoke(Unknown Source)
	at org.testng.internal.MethodInvocationHelper.invokeMethod(MethodInvocationHelper.java:80)
	at org.testng.internal.Invoker.invokeMethod(Invoker.java:714)
	at org.testng.internal.Invoker.invokeTestMethod(Invoker.java:901)
	at org.testng.internal.Invoker.invokeTestMethods(Invoker.java:1231)
	at org.testng.internal.TestMethodWorker.invokeTestMethods(TestMethodWorker.java:127)
	at org.testng.internal.TestMethodWorker.run(TestMethodWorker.java:111)
	at org.testng.TestRunner.privateRun(TestRunner.java:767)
	at org.testng.TestRunner.run(TestRunner.java:617)
	at org.testng.SuiteRunner.runTest(SuiteRunner.java:334)
	at org.testng.SuiteRunner.runSequentially(SuiteRunner.java:329)
	at org.testng.SuiteRunner.privateRun(SuiteRunner.java:291)
	at org.testng.SuiteRunner.run(SuiteRunner.java:240)
	at org.testng.SuiteRunnerWorker.runSuite(SuiteRunnerWorker.java:52)
	at org.testng.SuiteRunnerWorker.run(SuiteRunnerWorker.java:86)
	at org.testng.TestNG.runSuitesSequentially(TestNG.java:1198)
	at org.testng.TestNG.runSuitesLocally(TestNG.java:1123)
	at org.testng.TestNG.run(TestNG.java:1031)
	at org.testng.remote.AbstractRemoteTestNG.run(AbstractRemoteTestNG.java:132)
	at org.testng.remote.RemoteTestNG.initAndRun(RemoteTestNG.java:236)
	at org.testng.remote.RemoteTestNG.main(RemoteTestNG.java:81)
"</b><br>com.qtpselenium.core.ddf.testcases.DummyTestC.testC(DummyTestC.java:35)<br>sun.reflect.NativeMethodAccessorImpl.invoke0(Native Method)<br>sun.reflect.NativeMethodAccessorImpl.invoke(Unknown Source)<br>sun.reflect.DelegatingMethodAccessorImpl.invoke(Unknown Source)<br>java.lang.reflect.Method.invoke(Unknown Source)<br>org.testng.internal.MethodInvocationHelper.invokeMethod(MethodInvocationHelper.java:80)<br>org.testng.internal.Invoker.invokeMethod(Invoker.java:714)<br>org.testng.internal.Invoker.invokeTestMethod(Invoker.java:901)<br>org.testng.internal.Invoker.invokeTestMethods(Invoker.java:1231)<br>org.testng.internal.TestMethodWorker.invokeTestMethods(TestMethodWorker.java:127)<br>org.testng.internal.TestMethodWorker.run(TestMethodWorker.java:111)<br>org.testng.TestRunner.privateRun(TestRunner.java:767)<br>org.testng.TestRunner.run(TestRunner.java:617)<br>org.testng.SuiteRunner.runTest(SuiteRunner.java:334)<br>org.testng.SuiteRunner.runSequentially(SuiteRunner.java:329)<br>org.testng.SuiteRunner.privateRun(SuiteRunner.java:291)<br>org.testng.SuiteRunner.run(SuiteRunner.java:240)<br>org.testng.SuiteRunnerWorker.runSuite(SuiteRunnerWorker.java:52)<br>org.testng.SuiteRunnerWorker.run(SuiteRunnerWorker.java:86)<br>org.testng.TestNG.runSuitesSequentially(TestNG.java:1198)<br>org.testng.TestNG.runSuitesLocally(TestNG.java:1123)<br>org.testng.TestNG.run(TestNG.java:1031)<br>org.testng.remote.AbstractRemoteTestNG.run(AbstractRemoteTestNG.java:132)<br>org.testng.remote.RemoteTestNG.initAndRun(RemoteTestNG.java:236)<br>org.testng.remote.RemoteTestNG.main(RemoteTestNG.java:81)<br>
</div> <!-- stack-trace -->
                </div> <!-- method-content -->
              </div> <!-- method -->
            </div> <!-- main-panel-content rounded-window-bottom -->
          </div> <!-- suite-SuiteName-class-skipped -->
          <div class="suite-SuiteName-class-skipped">
            <div class="main-panel-header rounded-window-top">
              <img src="skipped.png"/>
              <span class="class-name">com.qtpselenium.core.ddf.testcases.DummyTestB</span>
            </div> <!-- main-panel-header rounded-window-top -->
            <div class="main-panel-content rounded-window-bottom">
              <div class="method">
                <div class="method-content">
                  <a name="testB({ColA=B9, Runmode=N, ColD=B12, ColC=B11, ColB=B10})">
                  </a> <!-- testB({ColA=B9, Runmode=N, ColD=B12, ColC=B11, ColB=B10}) -->
                  <span class="method-name">testB</span>
                  <span class="parameters">({ColA=B9, Runmode=N, ColD=B12, ColC=B11, ColB=B10})</span>
                  <div class="stack-trace"><b>"org.testng.SkipException: Skipping the test as runmode is N
	at com.qtpselenium.core.ddf.testcases.DummyTestB.testB(DummyTestB.java:36)
... Removed 24 stack frames<br/> org.testng.SkipException: Skipping the test as runmode is N
	at com.qtpselenium.core.ddf.testcases.DummyTestB.testB(DummyTestB.java:36)
	at sun.reflect.NativeMethodAccessorImpl.invoke0(Native Method)
	at sun.reflect.NativeMethodAccessorImpl.invoke(Unknown Source)
	at sun.reflect.DelegatingMethodAccessorImpl.invoke(Unknown Source)
	at java.lang.reflect.Method.invoke(Unknown Source)
	at org.testng.internal.MethodInvocationHelper.invokeMethod(MethodInvocationHelper.java:80)
	at org.testng.internal.Invoker.invokeMethod(Invoker.java:714)
	at org.testng.internal.Invoker.invokeTestMethod(Invoker.java:901)
	at org.testng.internal.Invoker.invokeTestMethods(Invoker.java:1231)
	at org.testng.internal.TestMethodWorker.invokeTestMethods(TestMethodWorker.java:127)
	at org.testng.internal.TestMethodWorker.run(TestMethodWorker.java:111)
	at org.testng.TestRunner.privateRun(TestRunner.java:767)
	at org.testng.TestRunner.run(TestRunner.java:617)
	at org.testng.SuiteRunner.runTest(SuiteRunner.java:334)
	at org.testng.SuiteRunner.runSequentially(SuiteRunner.java:329)
	at org.testng.SuiteRunner.privateRun(SuiteRunner.java:291)
	at org.testng.SuiteRunner.run(SuiteRunner.java:240)
	at org.testng.SuiteRunnerWorker.runSuite(SuiteRunnerWorker.java:52)
	at org.testng.SuiteRunnerWorker.run(SuiteRunnerWorker.java:86)
	at org.testng.TestNG.runSuitesSequentially(TestNG.java:1198)
	at org.testng.TestNG.runSuitesLocally(TestNG.java:1123)
	at org.testng.TestNG.run(TestNG.java:1031)
	at org.testng.remote.AbstractRemoteTestNG.run(AbstractRemoteTestNG.java:132)
	at org.testng.remote.RemoteTestNG.initAndRun(RemoteTestNG.java:236)
	at org.testng.remote.RemoteTestNG.main(RemoteTestNG.java:81)
"</b><br>com.qtpselenium.core.ddf.testcases.DummyTestB.testB(DummyTestB.java:36)<br>sun.reflect.NativeMethodAccessorImpl.invoke0(Native Method)<br>sun.reflect.NativeMethodAccessorImpl.invoke(Unknown Source)<br>sun.reflect.DelegatingMethodAccessorImpl.invoke(Unknown Source)<br>java.lang.reflect.Method.invoke(Unknown Source)<br>org.testng.internal.MethodInvocationHelper.invokeMethod(MethodInvocationHelper.java:80)<br>org.testng.internal.Invoker.invokeMethod(Invoker.java:714)<br>org.testng.internal.Invoker.invokeTestMethod(Invoker.java:901)<br>org.testng.internal.Invoker.invokeTestMethods(Invoker.java:1231)<br>org.testng.internal.TestMethodWorker.invokeTestMethods(TestMethodWorker.java:127)<br>org.testng.internal.TestMethodWorker.run(TestMethodWorker.java:111)<br>org.testng.TestRunner.privateRun(TestRunner.java:767)<br>org.testng.TestRunner.run(TestRunner.java:617)<br>org.testng.SuiteRunner.runTest(SuiteRunner.java:334)<br>org.testng.SuiteRunner.runSequentially(SuiteRunner.java:329)<br>org.testng.SuiteRunner.privateRun(SuiteRunner.java:291)<br>org.testng.SuiteRunner.run(SuiteRunner.java:240)<br>org.testng.SuiteRunnerWorker.runSuite(SuiteRunnerWorker.java:52)<br>org.testng.SuiteRunnerWorker.run(SuiteRunnerWorker.java:86)<br>org.testng.TestNG.runSuitesSequentially(TestNG.java:1198)<br>org.testng.TestNG.runSuitesLocally(TestNG.java:1123)<br>org.testng.TestNG.run(TestNG.java:1031)<br>org.testng.remote.AbstractRemoteTestNG.run(AbstractRemoteTestNG.java:132)<br>org.testng.remote.RemoteTestNG.initAndRun(RemoteTestNG.java:236)<br>org.testng.remote.RemoteTestNG.main(RemoteTestNG.java:81)<br>
</div> <!-- stack-trace -->
                </div> <!-- method-content -->
              </div> <!-- method -->
              <div class="method">
                <div class="method-content">
                  <a name="testB({ColA=B13, Runmode=N, ColD=B16, ColC=B15, ColB=B14})">
                  </a> <!-- testB({ColA=B13, Runmode=N, ColD=B16, ColC=B15, ColB=B14}) -->
                  <span class="method-name">testB</span>
                  <span class="parameters">({ColA=B13, Runmode=N, ColD=B16, ColC=B15, ColB=B14})</span>
                  <div class="stack-trace"><b>"org.testng.SkipException: Skipping the test as runmode is N
	at com.qtpselenium.core.ddf.testcases.DummyTestB.testB(DummyTestB.java:36)
... Removed 24 stack frames<br/> org.testng.SkipException: Skipping the test as runmode is N
	at com.qtpselenium.core.ddf.testcases.DummyTestB.testB(DummyTestB.java:36)
	at sun.reflect.NativeMethodAccessorImpl.invoke0(Native Method)
	at sun.reflect.NativeMethodAccessorImpl.invoke(Unknown Source)
	at sun.reflect.DelegatingMethodAccessorImpl.invoke(Unknown Source)
	at java.lang.reflect.Method.invoke(Unknown Source)
	at org.testng.internal.MethodInvocationHelper.invokeMethod(MethodInvocationHelper.java:80)
	at org.testng.internal.Invoker.invokeMethod(Invoker.java:714)
	at org.testng.internal.Invoker.invokeTestMethod(Invoker.java:901)
	at org.testng.internal.Invoker.invokeTestMethods(Invoker.java:1231)
	at org.testng.internal.TestMethodWorker.invokeTestMethods(TestMethodWorker.java:127)
	at org.testng.internal.TestMethodWorker.run(TestMethodWorker.java:111)
	at org.testng.TestRunner.privateRun(TestRunner.java:767)
	at org.testng.TestRunner.run(TestRunner.java:617)
	at org.testng.SuiteRunner.runTest(SuiteRunner.java:334)
	at org.testng.SuiteRunner.runSequentially(SuiteRunner.java:329)
	at org.testng.SuiteRunner.privateRun(SuiteRunner.java:291)
	at org.testng.SuiteRunner.run(SuiteRunner.java:240)
	at org.testng.SuiteRunnerWorker.runSuite(SuiteRunnerWorker.java:52)
	at org.testng.SuiteRunnerWorker.run(SuiteRunnerWorker.java:86)
	at org.testng.TestNG.runSuitesSequentially(TestNG.java:1198)
	at org.testng.TestNG.runSuitesLocally(TestNG.java:1123)
	at org.testng.TestNG.run(TestNG.java:1031)
	at org.testng.remote.AbstractRemoteTestNG.run(AbstractRemoteTestNG.java:132)
	at org.testng.remote.RemoteTestNG.initAndRun(RemoteTestNG.java:236)
	at org.testng.remote.RemoteTestNG.main(RemoteTestNG.java:81)
"</b><br>com.qtpselenium.core.ddf.testcases.DummyTestB.testB(DummyTestB.java:36)<br>sun.reflect.NativeMethodAccessorImpl.invoke0(Native Method)<br>sun.reflect.NativeMethodAccessorImpl.invoke(Unknown Source)<br>sun.reflect.DelegatingMethodAccessorImpl.invoke(Unknown Source)<br>java.lang.reflect.Method.invoke(Unknown Source)<br>org.testng.internal.MethodInvocationHelper.invokeMethod(MethodInvocationHelper.java:80)<br>org.testng.internal.Invoker.invokeMethod(Invoker.java:714)<br>org.testng.internal.Invoker.invokeTestMethod(Invoker.java:901)<br>org.testng.internal.Invoker.invokeTestMethods(Invoker.java:1231)<br>org.testng.internal.TestMethodWorker.invokeTestMethods(TestMethodWorker.java:127)<br>org.testng.internal.TestMethodWorker.run(TestMethodWorker.java:111)<br>org.testng.TestRunner.privateRun(TestRunner.java:767)<br>org.testng.TestRunner.run(TestRunner.java:617)<br>org.testng.SuiteRunner.runTest(SuiteRunner.java:334)<br>org.testng.SuiteRunner.runSequentially(SuiteRunner.java:329)<br>org.testng.SuiteRunner.privateRun(SuiteRunner.java:291)<br>org.testng.SuiteRunner.run(SuiteRunner.java:240)<br>org.testng.SuiteRunnerWorker.runSuite(SuiteRunnerWorker.java:52)<br>org.testng.SuiteRunnerWorker.run(SuiteRunnerWorker.java:86)<br>org.testng.TestNG.runSuitesSequentially(TestNG.java:1198)<br>org.testng.TestNG.runSuitesLocally(TestNG.java:1123)<br>org.testng.TestNG.run(TestNG.java:1031)<br>org.testng.remote.AbstractRemoteTestNG.run(AbstractRemoteTestNG.java:132)<br>org.testng.remote.RemoteTestNG.initAndRun(RemoteTestNG.java:236)<br>org.testng.remote.RemoteTestNG.main(RemoteTestNG.java:81)<br>
</div> <!-- stack-trace -->
                </div> <!-- method-content -->
              </div> <!-- method -->
            </div> <!-- main-panel-content rounded-window-bottom -->
          </div> <!-- suite-SuiteName-class-skipped -->
          <div class="suite-SuiteName-class-passed">
            <div class="main-panel-header rounded-window-top">
              <img src="passed.png"/>
              <span class="class-name">com.qtpselenium.core.ddf.testcases.DummyTestC</span>
            </div> <!-- main-panel-header rounded-window-top -->
            <div class="main-panel-content rounded-window-bottom">
              <div class="method">
                <div class="method-content">
                  <a name="testC({ColA=C5, Runmode=Y, ColB=C6})">
                  </a> <!-- testC({ColA=C5, Runmode=Y, ColB=C6}) -->
                  <span class="method-name">testC</span>
                  <span class="parameters">({ColA=C5, Runmode=Y, ColB=C6})</span>
                </div> <!-- method-content -->
              </div> <!-- method -->
              <div class="method">
                <div class="method-content">
                  <a name="testC({ColA=C9, Runmode=Y, ColB=C10})">
                  </a> <!-- testC({ColA=C9, Runmode=Y, ColB=C10}) -->
                  <span class="method-name">testC</span>
                  <span class="parameters">({ColA=C9, Runmode=Y, ColB=C10})</span>
                </div> <!-- method-content -->
              </div> <!-- method -->
              <div class="method">
                <div class="method-content">
                  <a name="testC({ColA=C1, Runmode=Y, ColB=C2})">
                  </a> <!-- testC({ColA=C1, Runmode=Y, ColB=C2}) -->
                  <span class="method-name">testC</span>
                  <span class="parameters">({ColA=C1, Runmode=Y, ColB=C2})</span>
                </div> <!-- method-content -->
              </div> <!-- method -->
              <div class="method">
                <div class="method-content">
                  <a name="testC({ColA=C13, Runmode=Y, ColB=C14})">
                  </a> <!-- testC({ColA=C13, Runmode=Y, ColB=C14}) -->
                  <span class="method-name">testC</span>
                  <span class="parameters">({ColA=C13, Runmode=Y, ColB=C14})</span>
                </div> <!-- method-content -->
              </div> <!-- method -->
            </div> <!-- main-panel-content rounded-window-bottom -->
          </div> <!-- suite-SuiteName-class-passed -->
          <div class="suite-SuiteName-class-passed">
            <div class="main-panel-header rounded-window-top">
              <img src="passed.png"/>
              <span class="class-name">com.qtpselenium.core.ddf.testcases.DummyTestB</span>
            </div> <!-- main-panel-header rounded-window-top -->
            <div class="main-panel-content rounded-window-bottom">
              <div class="method">
                <div class="method-content">
                  <a name="testB({ColA=B1, Runmode=Y, ColD=B4, ColC=B3, ColB=B2})">
                  </a> <!-- testB({ColA=B1, Runmode=Y, ColD=B4, ColC=B3, ColB=B2}) -->
                  <span class="method-name">testB</span>
                  <span class="parameters">({ColA=B1, Runmode=Y, ColD=B4, ColC=B3, ColB=B2})</span>
                </div> <!-- method-content -->
              </div> <!-- method -->
              <div class="method">
                <div class="method-content">
                  <a name="testB({ColA=B5, Runmode=Y, ColD=B8, ColC=B7, ColB=B6})">
                  </a> <!-- testB({ColA=B5, Runmode=Y, ColD=B8, ColC=B7, ColB=B6}) -->
                  <span class="method-name">testB</span>
                  <span class="parameters">({ColA=B5, Runmode=Y, ColD=B8, ColC=B7, ColB=B6})</span>
                </div> <!-- method-content -->
              </div> <!-- method -->
            </div> <!-- main-panel-content rounded-window-bottom -->
          </div> <!-- suite-SuiteName-class-passed -->
        </div> <!-- panel SuiteName -->
        <div panel-name="test-xml-SuiteName" class="panel">
          <div class="main-panel-header rounded-window-top">
            <span class="header-content">D:\Programming\javaworkspace\DataDriven_Core_Framework\src\test\resources\testng.xml</span>
          </div> <!-- main-panel-header rounded-window-top -->
          <div class="main-panel-content rounded-window-bottom">
            <pre>
&lt;?xml version=&quot;1.0&quot; encoding=&quot;UTF-8&quot;?&gt;
&lt;!DOCTYPE suite SYSTEM &quot;http://testng.org/testng-1.0.dtd&quot;&gt;
&lt;suite name=&quot;SuiteName&quot;&gt;
  &lt;test name=&quot;TestA&quot;&gt;
    &lt;classes&gt;
      &lt;class name=&quot;com.qtpselenium.core.ddf.testcases.DummyTestA&quot;/&gt;
    &lt;/classes&gt;
  &lt;/test&gt; &lt;!-- TestA --&gt;
  &lt;test name=&quot;TestB&quot;&gt;
    &lt;classes&gt;
      &lt;class name=&quot;com.qtpselenium.core.ddf.testcases.DummyTestB&quot;/&gt;
    &lt;/classes&gt;
  &lt;/test&gt; &lt;!-- TestB --&gt;
  &lt;test name=&quot;TestC&quot;&gt;
    &lt;classes&gt;
      &lt;class name=&quot;com.qtpselenium.core.ddf.testcases.DummyTestC&quot;/&gt;
    &lt;/classes&gt;
  &lt;/test&gt; &lt;!-- TestC --&gt;
&lt;/suite&gt; &lt;!-- SuiteName --&gt;
            </pre>
          </div> <!-- main-panel-content rounded-window-bottom -->
        </div> <!-- panel -->
        <div panel-name="testlist-SuiteName" class="panel">
          <div class="main-panel-header rounded-window-top">
            <span class="header-content">Tests for SuiteName</span>
          </div> <!-- main-panel-header rounded-window-top -->
          <div class="main-panel-content rounded-window-bottom">
            <ul>
              <li>
                <span class="test-name">TestA (1 class)</span>
              </li>
              <li>
                <span class="test-name">TestB (1 class)</span>
              </li>
              <li>
                <span class="test-name">TestC (1 class)</span>
              </li>
            </ul>
          </div> <!-- main-panel-content rounded-window-bottom -->
        </div> <!-- panel -->
        <div panel-name="group-SuiteName" class="panel">
          <div class="main-panel-header rounded-window-top">
            <span class="header-content">Groups for SuiteName</span>
          </div> <!-- main-panel-header rounded-window-top -->
          <div class="main-panel-content rounded-window-bottom">
          </div> <!-- main-panel-content rounded-window-bottom -->
        </div> <!-- panel -->
        <div panel-name="times-SuiteName" class="panel">
          <div class="main-panel-header rounded-window-top">
            <span class="header-content">Times for SuiteName</span>
          </div> <!-- main-panel-header rounded-window-top -->
          <div class="main-panel-content rounded-window-bottom">
            <div class="times-div">
              <script type="text/javascript">
suiteTableInitFunctions.push('tableData_SuiteName');
function tableData_SuiteName() {
var data = new google.visualization.DataTable();
data.addColumn('number', 'Number');
data.addColumn('string', 'Method');
data.addColumn('string', 'Class');
data.addColumn('number', 'Time (ms)');
data.addRows(15);
data.setCell(0, 0, 0)
data.setCell(0, 1, 'testB')
data.setCell(0, 2, 'com.qtpselenium.core.ddf.testcases.DummyTestB')
data.setCell(0, 3, 9996);
data.setCell(1, 0, 1)
data.setCell(1, 1, 'testB')
data.setCell(1, 2, 'com.qtpselenium.core.ddf.testcases.DummyTestB')
data.setCell(1, 3, 9036);
data.setCell(2, 0, 2)
data.setCell(2, 1, 'testC')
data.setCell(2, 2, 'com.qtpselenium.core.ddf.testcases.DummyTestC')
data.setCell(2, 3, 4615);
data.setCell(3, 0, 3)
data.setCell(3, 1, 'testC')
data.setCell(3, 2, 'com.qtpselenium.core.ddf.testcases.DummyTestC')
data.setCell(3, 3, 4613);
data.setCell(4, 0, 4)
data.setCell(4, 1, 'testC')
data.setCell(4, 2, 'com.qtpselenium.core.ddf.testcases.DummyTestC')
data.setCell(4, 3, 4329);
data.setCell(5, 0, 5)
data.setCell(5, 1, 'testC')
data.setCell(5, 2, 'com.qtpselenium.core.ddf.testcases.DummyTestC')
data.setCell(5, 3, 4245);
data.setCell(6, 0, 6)
data.setCell(6, 1, 'testA1')
data.setCell(6, 2, 'com.qtpselenium.core.ddf.testcases.DummyTestA')
data.setCell(6, 3, 51);
data.setCell(7, 0, 7)
data.setCell(7, 1, 'testB')
data.setCell(7, 2, 'com.qtpselenium.core.ddf.testcases.DummyTestB')
data.setCell(7, 3, 10);
data.setCell(8, 0, 8)
data.setCell(8, 1, 'testC')
data.setCell(8, 2, 'com.qtpselenium.core.ddf.testcases.DummyTestC')
data.setCell(8, 3, 6);
data.setCell(9, 0, 9)
data.setCell(9, 1, 'testC')
data.setCell(9, 2, 'com.qtpselenium.core.ddf.testcases.DummyTestC')
data.setCell(9, 3, 6);
data.setCell(10, 0, 10)
data.setCell(10, 1, 'testB')
data.setCell(10, 2, 'com.qtpselenium.core.ddf.testcases.DummyTestB')
data.setCell(10, 3, 4);
data.setCell(11, 0, 11)
data.setCell(11, 1, 'testC')
data.setCell(11, 2, 'com.qtpselenium.core.ddf.testcases.DummyTestC')
data.setCell(11, 3, 4);
data.setCell(12, 0, 12)
data.setCell(12, 1, 'testA2')
data.setCell(12, 2, 'com.qtpselenium.core.ddf.testcases.DummyTestA')
data.setCell(12, 3, 2);
data.setCell(13, 0, 13)
data.setCell(13, 1, 'testA3')
data.setCell(13, 2, 'com.qtpselenium.core.ddf.testcases.DummyTestA')
data.setCell(13, 3, 1);
data.setCell(14, 0, 14)
data.setCell(14, 1, 'testC')
data.setCell(14, 2, 'com.qtpselenium.core.ddf.testcases.DummyTestC')
data.setCell(14, 3, 0);
window.suiteTableData['SuiteName']= { tableData: data, tableDiv: 'times-div-SuiteName'}
return data;
}
              </script>
              <span class="suite-total-time">Total running time: 36 seconds</span>
              <div id="times-div-SuiteName">
              </div> <!-- times-div-SuiteName -->
            </div> <!-- times-div -->
          </div> <!-- main-panel-content rounded-window-bottom -->
        </div> <!-- panel -->
        <div panel-name="reporter-SuiteName" class="panel">
          <div class="main-panel-header rounded-window-top">
            <span class="header-content">Reporter output for SuiteName</span>
          </div> <!-- main-panel-header rounded-window-top -->
          <div class="main-panel-content rounded-window-bottom">
          </div> <!-- main-panel-content rounded-window-bottom -->
        </div> <!-- panel -->
        <div panel-name="ignored-methods-SuiteName" class="panel">
          <div class="main-panel-header rounded-window-top">
            <span class="header-content">0 ignored methods</span>
          </div> <!-- main-panel-header rounded-window-top -->
          <div class="main-panel-content rounded-window-bottom">
          </div> <!-- main-panel-content rounded-window-bottom -->
        </div> <!-- panel -->
        <div panel-name="chronological-SuiteName" class="panel">
          <div class="main-panel-header rounded-window-top">
            <span class="header-content">Methods in chronological order</span>
          </div> <!-- main-panel-header rounded-window-top -->
          <div class="main-panel-content rounded-window-bottom">
            <div class="chronological-class">
              <div class="chronological-class-name">com.qtpselenium.core.ddf.testcases.DummyTestA</div> <!-- chronological-class-name -->
              <div class="configuration-test before">
                <span class="method-name">init</span>
                <span class="method-start">0 ms</span>
              </div> <!-- configuration-test before -->
              <div class="test-method">
                <img src="failed.png">
                </img>
                <span class="method-name">testA1</span>
                <span class="method-start">63 ms</span>
              </div> <!-- test-method -->
            </div> <!-- chronological-class -->
            <div class="chronological-class">
              <div class="chronological-class-name">com.qtpselenium.core.ddf.testcases.DummyTestB</div> <!-- chronological-class-name -->
              <div class="configuration-test before">
                <span class="method-name">init</span>
                <span class="method-start">228 ms</span>
              </div> <!-- configuration-test before -->
              <div class="test-method">
                <span class="method-name">testB({ColA=B1, Runmode=Y, ColD=B4, ColC=B3, ColB=B2})</span>
                <span class="method-start">1469 ms</span>
              </div> <!-- test-method -->
              <div class="test-method">
                <span class="method-name">testB({ColA=B5, Runmode=Y, ColD=B8, ColC=B7, ColB=B6})</span>
                <span class="method-start">11467 ms</span>
              </div> <!-- test-method -->
              <div class="test-method">
                <span class="method-name">testB({ColA=B9, Runmode=N, ColD=B12, ColC=B11, ColB=B10})</span>
                <span class="method-start">20509 ms</span>
              </div> <!-- test-method -->
              <div class="test-method">
                <span class="method-name">testB({ColA=B13, Runmode=N, ColD=B16, ColC=B15, ColB=B14})</span>
                <span class="method-start">20525 ms</span>
              </div> <!-- test-method -->
              <div class="configuration-test after">
                <span class="method-name">quitTest</span>
                <span class="method-start">20532 ms</span>
              </div> <!-- configuration-test after -->
            </div> <!-- chronological-class -->
            <div class="chronological-class">
              <div class="chronological-class-name">com.qtpselenium.core.ddf.testcases.DummyTestC</div> <!-- chronological-class-name -->
              <div class="configuration-test before">
                <span class="method-name">init</span>
                <span class="method-start">28324 ms</span>
              </div> <!-- configuration-test before -->
              <div class="test-method">
                <span class="method-name">testC({ColA=C1, Runmode=Y, ColB=C2})</span>
                <span class="method-start">28501 ms</span>
              </div> <!-- test-method -->
              <div class="configuration-method after">
                <span class="method-name">quit</span>
                <span class="method-start">33119 ms</span>
              </div> <!-- configuration-method after -->
              <div class="test-method">
                <span class="method-name">testC({ColA=C3, Runmode=N, ColB=C4})</span>
                <span class="method-start">40083 ms</span>
              </div> <!-- test-method -->
              <div class="configuration-method after">
                <span class="method-name">quit</span>
                <span class="method-start">40097 ms</span>
              </div> <!-- configuration-method after -->
              <div class="test-method">
                <span class="method-name">testC({ColA=C5, Runmode=Y, ColB=C6})</span>
                <span class="method-start">45261 ms</span>
              </div> <!-- test-method -->
              <div class="configuration-method after">
                <span class="method-name">quit</span>
                <span class="method-start">49592 ms</span>
              </div> <!-- configuration-method after -->
              <div class="configuration-method after">
                <span class="method-name">quit</span>
                <span class="method-start">56341 ms</span>
              </div> <!-- configuration-method after -->
              <div class="test-method">
                <span class="method-name">testC({ColA=C7, Runmode=N, ColB=C8})</span>
                <span class="method-start">56341 ms</span>
              </div> <!-- test-method -->
              <div class="test-method">
                <span class="method-name">testC({ColA=C9, Runmode=Y, ColB=C10})</span>
                <span class="method-start">61520 ms</span>
              </div> <!-- test-method -->
              <div class="configuration-method after">
                <span class="method-name">quit</span>
                <span class="method-start">66133 ms</span>
              </div> <!-- configuration-method after -->
              <div class="test-method">
                <span class="method-name">testC({ColA=C11, Runmode=N, ColB=C12})</span>
                <span class="method-start">72757 ms</span>
              </div> <!-- test-method -->
              <div class="configuration-method after">
                <span class="method-name">quit</span>
                <span class="method-start">72771 ms</span>
              </div> <!-- configuration-method after -->
              <div class="test-method">
                <span class="method-name">testC({ColA=C13, Runmode=Y, ColB=C14})</span>
                <span class="method-start">77996 ms</span>
              </div> <!-- test-method -->
              <div class="configuration-method after">
                <span class="method-name">quit</span>
                <span class="method-start">82243 ms</span>
              </div> <!-- configuration-method after -->
              <div class="test-method">
                <span class="method-name">testC({ColA=C15, Runmode=N, ColB=C16})</span>
                <span class="method-start">88908 ms</span>
              </div> <!-- test-method -->
              <div class="configuration-method after">
                <span class="method-name">quit</span>
                <span class="method-start">88915 ms</span>
              </div> <!-- configuration-method after -->
          </div> <!-- main-panel-content rounded-window-bottom -->
        </div> <!-- panel -->
      </div> <!-- main-panel-root -->
    </div> <!-- wrapper -->
  </body>
</html>
