<?xml version="1.0" encoding="UTF-8"?>
<testng-results skipped="8" failed="1" total="15" passed="6">
  <reporter-output>
  </reporter-output>
  <suite name="SuiteName" duration-ms="94243" started-at="2017-04-13T03:57:05Z" finished-at="2017-04-13T03:58:39Z">
    <groups>
    </groups>
    <test name="TestA" duration-ms="152" started-at="2017-04-13T03:57:05Z" finished-at="2017-04-13T03:57:05Z">
      <class name="com.qtpselenium.core.ddf.testcases.DummyTestA">
        <test-method status="PASS" signature="init()[pri:0, instance:com.qtpselenium.core.ddf.testcases.DummyTestA@448ff1a8]" name="init" is-config="true" duration-ms="43" started-at="2017-04-13T09:27:05Z" finished-at="2017-04-13T09:27:05Z">
          <reporter-output>
          </reporter-output>
        </test-method> <!-- init -->
        <test-method status="FAIL" signature="testA1()[pri:0, instance:com.qtpselenium.core.ddf.testcases.DummyTestA@448ff1a8]" name="testA1" duration-ms="51" started-at="2017-04-13T09:27:05Z" finished-at="2017-04-13T09:27:05Z">
          <exception class="java.lang.AssertionError">
            <message>
              <![CDATA[null]]>
            </message>
            <full-stacktrace>
              <![CDATA[java.lang.AssertionError: null
	at org.testng.Assert.fail(Assert.java:94)
	at org.testng.Assert.fail(Assert.java:101)
	at com.qtpselenium.core.ddf.testcases.DummyTestA.testA1(DummyTestA.java:23)
	at sun.reflect.NativeMethodAccessorImpl.invoke0(Native Method)
	at sun.reflect.NativeMethodAccessorImpl.invoke(Unknown Source)
	at sun.reflect.DelegatingMethodAccessorImpl.invoke(Unknown Source)
	at java.lang.reflect.Method.invoke(Unknown Source)
	at org.testng.internal.MethodInvocationHelper.invokeMethod(MethodInvocationHelper.java:80)
	at org.testng.internal.Invoker.invokeMethod(Invoker.java:714)
	at org.testng.internal.Invoker.invokeTestMethod(Invoker.java:901)
	at org.testng.internal.Invoker.invokeTestMethods(Invoker.java:1231)
	at org.testng.internal.TestMethodWorker.invokeTestMethods(TestMethodWorker.java:127)
	at org.testng.internal.TestMethodWorker.run(TestMethodWorker.java:111)
	at org.testng.TestRunner.privateRun(TestRunner.java:767)
	at org.testng.TestRunner.run(TestRunner.java:617)
	at org.testng.SuiteRunner.runTest(SuiteRunner.java:334)
	at org.testng.SuiteRunner.runSequentially(SuiteRunner.java:329)
	at org.testng.SuiteRunner.privateRun(SuiteRunner.java:291)
	at org.testng.SuiteRunner.run(SuiteRunner.java:240)
	at org.testng.SuiteRunnerWorker.runSuite(SuiteRunnerWorker.java:52)
	at org.testng.SuiteRunnerWorker.run(SuiteRunnerWorker.java:86)
	at org.testng.TestNG.runSuitesSequentially(TestNG.java:1198)
	at org.testng.TestNG.runSuitesLocally(TestNG.java:1123)
	at org.testng.TestNG.run(TestNG.java:1031)
	at org.testng.remote.AbstractRemoteTestNG.run(AbstractRemoteTestNG.java:132)
	at org.testng.remote.RemoteTestNG.initAndRun(RemoteTestNG.java:236)
	at org.testng.remote.RemoteTestNG.main(RemoteTestNG.java:81)
]]>
            </full-stacktrace>
          </exception> <!-- java.lang.AssertionError -->
          <reporter-output>
          </reporter-output>
        </test-method> <!-- testA1 -->
        <test-method status="SKIP" signature="testA2()[pri:0, instance:com.qtpselenium.core.ddf.testcases.DummyTestA@448ff1a8]" name="testA2" duration-ms="2" started-at="2017-04-13T09:27:05Z" depends-on-methods="com.qtpselenium.core.ddf.testcases.DummyTestA.testA1" finished-at="2017-04-13T09:27:05Z">
          <reporter-output>
          </reporter-output>
        </test-method> <!-- testA2 -->
        <test-method status="SKIP" signature="testA3()[pri:0, instance:com.qtpselenium.core.ddf.testcases.DummyTestA@448ff1a8]" name="testA3" duration-ms="1" started-at="2017-04-13T09:27:05Z" depends-on-methods="com.qtpselenium.core.ddf.testcases.DummyTestA.testA2, com.qtpselenium.core.ddf.testcases.DummyTestA.testA1" finished-at="2017-04-13T09:27:05Z">
          <reporter-output>
          </reporter-output>
        </test-method> <!-- testA3 -->
      </class> <!-- com.qtpselenium.core.ddf.testcases.DummyTestA -->
    </test> <!-- TestA -->
    <test name="TestB" duration-ms="28033" started-at="2017-04-13T03:57:05Z" finished-at="2017-04-13T03:57:33Z">
      <class name="com.qtpselenium.core.ddf.testcases.DummyTestB">
        <test-method status="PASS" signature="init()[pri:0, instance:com.qtpselenium.core.ddf.testcases.DummyTestB@123f1134]" name="init" is-config="true" duration-ms="0" started-at="2017-04-13T09:27:05Z" finished-at="2017-04-13T09:27:05Z">
          <reporter-output>
          </reporter-output>
        </test-method> <!-- init -->
        <test-method status="PASS" signature="testB(java.util.Hashtable)[pri:0, instance:com.qtpselenium.core.ddf.testcases.DummyTestB@123f1134]" name="testB" duration-ms="9996" started-at="2017-04-13T09:27:06Z" data-provider="getData" finished-at="2017-04-13T09:27:16Z">
          <params>
            <param index="0">
              <value>
                <![CDATA[{ColA=B1, Runmode=Y, ColD=B4, ColC=B3, ColB=B2}]]>
              </value>
            </param>
          </params>
          <reporter-output>
          </reporter-output>
        </test-method> <!-- testB -->
        <test-method status="PASS" signature="testB(java.util.Hashtable)[pri:0, instance:com.qtpselenium.core.ddf.testcases.DummyTestB@123f1134]" name="testB" duration-ms="9036" started-at="2017-04-13T09:27:16Z" data-provider="getData" finished-at="2017-04-13T09:27:25Z">
          <params>
            <param index="0">
              <value>
                <![CDATA[{ColA=B5, Runmode=Y, ColD=B8, ColC=B7, ColB=B6}]]>
              </value>
            </param>
          </params>
          <reporter-output>
          </reporter-output>
        </test-method> <!-- testB -->
        <test-method status="SKIP" signature="testB(java.util.Hashtable)[pri:0, instance:com.qtpselenium.core.ddf.testcases.DummyTestB@123f1134]" name="testB" duration-ms="10" started-at="2017-04-13T09:27:25Z" data-provider="getData" finished-at="2017-04-13T09:27:25Z">
          <params>
            <param index="0">
              <value>
                <![CDATA[{ColA=B9, Runmode=N, ColD=B12, ColC=B11, ColB=B10}]]>
              </value>
            </param>
          </params>
          <exception class="org.testng.SkipException">
            <message>
              <![CDATA[Skipping the test as runmode is N]]>
            </message>
            <full-stacktrace>
              <![CDATA[org.testng.SkipException: Skipping the test as runmode is N
	at com.qtpselenium.core.ddf.testcases.DummyTestB.testB(DummyTestB.java:36)
	at sun.reflect.NativeMethodAccessorImpl.invoke0(Native Method)
	at sun.reflect.NativeMethodAccessorImpl.invoke(Unknown Source)
	at sun.reflect.DelegatingMethodAccessorImpl.invoke(Unknown Source)
	at java.lang.reflect.Method.invoke(Unknown Source)
	at org.testng.internal.MethodInvocationHelper.invokeMethod(MethodInvocationHelper.java:80)
	at org.testng.internal.Invoker.invokeMethod(Invoker.java:714)
	at org.testng.internal.Invoker.invokeTestMethod(Invoker.java:901)
	at org.testng.internal.Invoker.invokeTestMethods(Invoker.java:1231)
	at org.testng.internal.TestMethodWorker.invokeTestMethods(TestMethodWorker.java:127)
	at org.testng.internal.TestMethodWorker.run(TestMethodWorker.java:111)
	at org.testng.TestRunner.privateRun(TestRunner.java:767)
	at org.testng.TestRunner.run(TestRunner.java:617)
	at org.testng.SuiteRunner.runTest(SuiteRunner.java:334)
	at org.testng.SuiteRunner.runSequentially(SuiteRunner.java:329)
	at org.testng.SuiteRunner.privateRun(SuiteRunner.java:291)
	at org.testng.SuiteRunner.run(SuiteRunner.java:240)
	at org.testng.SuiteRunnerWorker.runSuite(SuiteRunnerWorker.java:52)
	at org.testng.SuiteRunnerWorker.run(SuiteRunnerWorker.java:86)
	at org.testng.TestNG.runSuitesSequentially(TestNG.java:1198)
	at org.testng.TestNG.runSuitesLocally(TestNG.java:1123)
	at org.testng.TestNG.run(TestNG.java:1031)
	at org.testng.remote.AbstractRemoteTestNG.run(AbstractRemoteTestNG.java:132)
	at org.testng.remote.RemoteTestNG.initAndRun(RemoteTestNG.java:236)
	at org.testng.remote.RemoteTestNG.main(RemoteTestNG.java:81)
]]>
            </full-stacktrace>
          </exception> <!-- org.testng.SkipException -->
          <reporter-output>
          </reporter-output>
        </test-method> <!-- testB -->
        <test-method status="SKIP" signature="testB(java.util.Hashtable)[pri:0, instance:com.qtpselenium.core.ddf.testcases.DummyTestB@123f1134]" name="testB" duration-ms="4" started-at="2017-04-13T09:27:25Z" data-provider="getData" finished-at="2017-04-13T09:27:25Z">
          <params>
            <param index="0">
              <value>
                <![CDATA[{ColA=B13, Runmode=N, ColD=B16, ColC=B15, ColB=B14}]]>
              </value>
            </param>
          </params>
          <exception class="org.testng.SkipException">
            <message>
              <![CDATA[Skipping the test as runmode is N]]>
            </message>
            <full-stacktrace>
              <![CDATA[org.testng.SkipException: Skipping the test as runmode is N
	at com.qtpselenium.core.ddf.testcases.DummyTestB.testB(DummyTestB.java:36)
	at sun.reflect.NativeMethodAccessorImpl.invoke0(Native Method)
	at sun.reflect.NativeMethodAccessorImpl.invoke(Unknown Source)
	at sun.reflect.DelegatingMethodAccessorImpl.invoke(Unknown Source)
	at java.lang.reflect.Method.invoke(Unknown Source)
	at org.testng.internal.MethodInvocationHelper.invokeMethod(MethodInvocationHelper.java:80)
	at org.testng.internal.Invoker.invokeMethod(Invoker.java:714)
	at org.testng.internal.Invoker.invokeTestMethod(Invoker.java:901)
	at org.testng.internal.Invoker.invokeTestMethods(Invoker.java:1231)
	at org.testng.internal.TestMethodWorker.invokeTestMethods(TestMethodWorker.java:127)
	at org.testng.internal.TestMethodWorker.run(TestMethodWorker.java:111)
	at org.testng.TestRunner.privateRun(TestRunner.java:767)
	at org.testng.TestRunner.run(TestRunner.java:617)
	at org.testng.SuiteRunner.runTest(SuiteRunner.java:334)
	at org.testng.SuiteRunner.runSequentially(SuiteRunner.java:329)
	at org.testng.SuiteRunner.privateRun(SuiteRunner.java:291)
	at org.testng.SuiteRunner.run(SuiteRunner.java:240)
	at org.testng.SuiteRunnerWorker.runSuite(SuiteRunnerWorker.java:52)
	at org.testng.SuiteRunnerWorker.run(SuiteRunnerWorker.java:86)
	at org.testng.TestNG.runSuitesSequentially(TestNG.java:1198)
	at org.testng.TestNG.runSuitesLocally(TestNG.java:1123)
	at org.testng.TestNG.run(TestNG.java:1031)
	at org.testng.remote.AbstractRemoteTestNG.run(AbstractRemoteTestNG.java:132)
	at org.testng.remote.RemoteTestNG.initAndRun(RemoteTestNG.java:236)
	at org.testng.remote.RemoteTestNG.main(RemoteTestNG.java:81)
]]>
            </full-stacktrace>
          </exception> <!-- org.testng.SkipException -->
          <reporter-output>
          </reporter-output>
        </test-method> <!-- testB -->
        <test-method status="PASS" signature="quitTest()[pri:0, instance:com.qtpselenium.core.ddf.testcases.DummyTestB@123f1134]" name="quitTest" is-config="true" duration-ms="7726" started-at="2017-04-13T09:27:25Z" finished-at="2017-04-13T09:27:33Z">
          <reporter-output>
          </reporter-output>
        </test-method> <!-- quitTest -->
      </class> <!-- com.qtpselenium.core.ddf.testcases.DummyTestB -->
    </test> <!-- TestB -->
    <test name="TestC" duration-ms="65911" started-at="2017-04-13T03:57:33Z" finished-at="2017-04-13T03:58:39Z">
      <class name="com.qtpselenium.core.ddf.testcases.DummyTestC">
        <test-method status="PASS" signature="init()[pri:0, instance:com.qtpselenium.core.ddf.testcases.DummyTestC@20d3d15a]" name="init" is-config="true" duration-ms="0" started-at="2017-04-13T09:27:33Z" finished-at="2017-04-13T09:27:33Z">
          <reporter-output>
          </reporter-output>
        </test-method> <!-- init -->
        <test-method status="PASS" signature="testC(java.util.Hashtable)[pri:0, instance:com.qtpselenium.core.ddf.testcases.DummyTestC@20d3d15a]" name="testC" duration-ms="4615" started-at="2017-04-13T09:27:33Z" data-provider="getData" finished-at="2017-04-13T09:27:38Z">
          <params>
            <param index="0">
              <value>
                <![CDATA[{ColA=C1, Runmode=Y, ColB=C2}]]>
              </value>
            </param>
          </params>
          <reporter-output>
          </reporter-output>
        </test-method> <!-- testC -->
        <test-method status="PASS" signature="quit()[pri:0, instance:com.qtpselenium.core.ddf.testcases.DummyTestC@20d3d15a]" name="quit" is-config="true" duration-ms="6964" started-at="2017-04-13T09:27:38Z" finished-at="2017-04-13T09:27:45Z">
          <reporter-output>
          </reporter-output>
        </test-method> <!-- quit -->
        <test-method status="SKIP" signature="testC(java.util.Hashtable)[pri:0, instance:com.qtpselenium.core.ddf.testcases.DummyTestC@20d3d15a]" name="testC" duration-ms="6" started-at="2017-04-13T09:27:45Z" data-provider="getData" finished-at="2017-04-13T09:27:45Z">
          <params>
            <param index="0">
              <value>
                <![CDATA[{ColA=C3, Runmode=N, ColB=C4}]]>
              </value>
            </param>
          </params>
          <exception class="org.testng.SkipException">
            <message>
              <![CDATA[Skipping the test as runmode is N]]>
            </message>
            <full-stacktrace>
              <![CDATA[org.testng.SkipException: Skipping the test as runmode is N
	at com.qtpselenium.core.ddf.testcases.DummyTestC.testC(DummyTestC.java:35)
	at sun.reflect.NativeMethodAccessorImpl.invoke0(Native Method)
	at sun.reflect.NativeMethodAccessorImpl.invoke(Unknown Source)
	at sun.reflect.DelegatingMethodAccessorImpl.invoke(Unknown Source)
	at java.lang.reflect.Method.invoke(Unknown Source)
	at org.testng.internal.MethodInvocationHelper.invokeMethod(MethodInvocationHelper.java:80)
	at org.testng.internal.Invoker.invokeMethod(Invoker.java:714)
	at org.testng.internal.Invoker.invokeTestMethod(Invoker.java:901)
	at org.testng.internal.Invoker.invokeTestMethods(Invoker.java:1231)
	at org.testng.internal.TestMethodWorker.invokeTestMethods(TestMethodWorker.java:127)
	at org.testng.internal.TestMethodWorker.run(TestMethodWorker.java:111)
	at org.testng.TestRunner.privateRun(TestRunner.java:767)
	at org.testng.TestRunner.run(TestRunner.java:617)
	at org.testng.SuiteRunner.runTest(SuiteRunner.java:334)
	at org.testng.SuiteRunner.runSequentially(SuiteRunner.java:329)
	at org.testng.SuiteRunner.privateRun(SuiteRunner.java:291)
	at org.testng.SuiteRunner.run(SuiteRunner.java:240)
	at org.testng.SuiteRunnerWorker.runSuite(SuiteRunnerWorker.java:52)
	at org.testng.SuiteRunnerWorker.run(SuiteRunnerWorker.java:86)
	at org.testng.TestNG.runSuitesSequentially(TestNG.java:1198)
	at org.testng.TestNG.runSuitesLocally(TestNG.java:1123)
	at org.testng.TestNG.run(TestNG.java:1031)
	at org.testng.remote.AbstractRemoteTestNG.run(AbstractRemoteTestNG.java:132)
	at org.testng.remote.RemoteTestNG.initAndRun(RemoteTestNG.java:236)
	at org.testng.remote.RemoteTestNG.main(RemoteTestNG.java:81)
]]>
            </full-stacktrace>
          </exception> <!-- org.testng.SkipException -->
          <reporter-output>
          </reporter-output>
        </test-method> <!-- testC -->
        <test-method status="PASS" signature="quit()[pri:0, instance:com.qtpselenium.core.ddf.testcases.DummyTestC@20d3d15a]" name="quit" is-config="true" duration-ms="5164" started-at="2017-04-13T09:27:45Z" finished-at="2017-04-13T09:27:50Z">
          <reporter-output>
          </reporter-output>
        </test-method> <!-- quit -->
        <test-method status="PASS" signature="testC(java.util.Hashtable)[pri:0, instance:com.qtpselenium.core.ddf.testcases.DummyTestC@20d3d15a]" name="testC" duration-ms="4329" started-at="2017-04-13T09:27:50Z" data-provider="getData" finished-at="2017-04-13T09:27:54Z">
          <params>
            <param index="0">
              <value>
                <![CDATA[{ColA=C5, Runmode=Y, ColB=C6}]]>
              </value>
            </param>
          </params>
          <reporter-output>
          </reporter-output>
        </test-method> <!-- testC -->
        <test-method status="PASS" signature="quit()[pri:0, instance:com.qtpselenium.core.ddf.testcases.DummyTestC@20d3d15a]" name="quit" is-config="true" duration-ms="6749" started-at="2017-04-13T09:27:54Z" finished-at="2017-04-13T09:28:01Z">
          <reporter-output>
          </reporter-output>
        </test-method> <!-- quit -->
        <test-method status="PASS" signature="quit()[pri:0, instance:com.qtpselenium.core.ddf.testcases.DummyTestC@20d3d15a]" name="quit" is-config="true" duration-ms="5179" started-at="2017-04-13T09:28:01Z" finished-at="2017-04-13T09:28:06Z">
          <reporter-output>
          </reporter-output>
        </test-method> <!-- quit -->
        <test-method status="SKIP" signature="testC(java.util.Hashtable)[pri:0, instance:com.qtpselenium.core.ddf.testcases.DummyTestC@20d3d15a]" name="testC" duration-ms="0" started-at="2017-04-13T09:28:01Z" data-provider="getData" finished-at="2017-04-13T09:28:01Z">
          <params>
            <param index="0">
              <value>
                <![CDATA[{ColA=C7, Runmode=N, ColB=C8}]]>
              </value>
            </param>
          </params>
          <exception class="org.testng.SkipException">
            <message>
              <![CDATA[Skipping the test as runmode is N]]>
            </message>
            <full-stacktrace>
              <![CDATA[org.testng.SkipException: Skipping the test as runmode is N
	at com.qtpselenium.core.ddf.testcases.DummyTestC.testC(DummyTestC.java:35)
	at sun.reflect.NativeMethodAccessorImpl.invoke0(Native Method)
	at sun.reflect.NativeMethodAccessorImpl.invoke(Unknown Source)
	at sun.reflect.DelegatingMethodAccessorImpl.invoke(Unknown Source)
	at java.lang.reflect.Method.invoke(Unknown Source)
	at org.testng.internal.MethodInvocationHelper.invokeMethod(MethodInvocationHelper.java:80)
	at org.testng.internal.Invoker.invokeMethod(Invoker.java:714)
	at org.testng.internal.Invoker.invokeTestMethod(Invoker.java:901)
	at org.testng.internal.Invoker.invokeTestMethods(Invoker.java:1231)
	at org.testng.internal.TestMethodWorker.invokeTestMethods(TestMethodWorker.java:127)
	at org.testng.internal.TestMethodWorker.run(TestMethodWorker.java:111)
	at org.testng.TestRunner.privateRun(TestRunner.java:767)
	at org.testng.TestRunner.run(TestRunner.java:617)
	at org.testng.SuiteRunner.runTest(SuiteRunner.java:334)
	at org.testng.SuiteRunner.runSequentially(SuiteRunner.java:329)
	at org.testng.SuiteRunner.privateRun(SuiteRunner.java:291)
	at org.testng.SuiteRunner.run(SuiteRunner.java:240)
	at org.testng.SuiteRunnerWorker.runSuite(SuiteRunnerWorker.java:52)
	at org.testng.SuiteRunnerWorker.run(SuiteRunnerWorker.java:86)
	at org.testng.TestNG.runSuitesSequentially(TestNG.java:1198)
	at org.testng.TestNG.runSuitesLocally(TestNG.java:1123)
	at org.testng.TestNG.run(TestNG.java:1031)
	at org.testng.remote.AbstractRemoteTestNG.run(AbstractRemoteTestNG.java:132)
	at org.testng.remote.RemoteTestNG.initAndRun(RemoteTestNG.java:236)
	at org.testng.remote.RemoteTestNG.main(RemoteTestNG.java:81)
]]>
            </full-stacktrace>
          </exception> <!-- org.testng.SkipException -->
          <reporter-output>
          </reporter-output>
        </test-method> <!-- testC -->
        <test-method status="PASS" signature="testC(java.util.Hashtable)[pri:0, instance:com.qtpselenium.core.ddf.testcases.DummyTestC@20d3d15a]" name="testC" duration-ms="4613" started-at="2017-04-13T09:28:06Z" data-provider="getData" finished-at="2017-04-13T09:28:11Z">
          <params>
            <param index="0">
              <value>
                <![CDATA[{ColA=C9, Runmode=Y, ColB=C10}]]>
              </value>
            </param>
          </params>
          <reporter-output>
          </reporter-output>
        </test-method> <!-- testC -->
        <test-method status="PASS" signature="quit()[pri:0, instance:com.qtpselenium.core.ddf.testcases.DummyTestC@20d3d15a]" name="quit" is-config="true" duration-ms="6624" started-at="2017-04-13T09:28:11Z" finished-at="2017-04-13T09:28:17Z">
          <reporter-output>
          </reporter-output>
        </test-method> <!-- quit -->
        <test-method status="SKIP" signature="testC(java.util.Hashtable)[pri:0, instance:com.qtpselenium.core.ddf.testcases.DummyTestC@20d3d15a]" name="testC" duration-ms="6" started-at="2017-04-13T09:28:17Z" data-provider="getData" finished-at="2017-04-13T09:28:17Z">
          <params>
            <param index="0">
              <value>
                <![CDATA[{ColA=C11, Runmode=N, ColB=C12}]]>
              </value>
            </param>
          </params>
          <exception class="org.testng.SkipException">
            <message>
              <![CDATA[Skipping the test as runmode is N]]>
            </message>
            <full-stacktrace>
              <![CDATA[org.testng.SkipException: Skipping the test as runmode is N
	at com.qtpselenium.core.ddf.testcases.DummyTestC.testC(DummyTestC.java:35)
	at sun.reflect.NativeMethodAccessorImpl.invoke0(Native Method)
	at sun.reflect.NativeMethodAccessorImpl.invoke(Unknown Source)
	at sun.reflect.DelegatingMethodAccessorImpl.invoke(Unknown Source)
	at java.lang.reflect.Method.invoke(Unknown Source)
	at org.testng.internal.MethodInvocationHelper.invokeMethod(MethodInvocationHelper.java:80)
	at org.testng.internal.Invoker.invokeMethod(Invoker.java:714)
	at org.testng.internal.Invoker.invokeTestMethod(Invoker.java:901)
	at org.testng.internal.Invoker.invokeTestMethods(Invoker.java:1231)
	at org.testng.internal.TestMethodWorker.invokeTestMethods(TestMethodWorker.java:127)
	at org.testng.internal.TestMethodWorker.run(TestMethodWorker.java:111)
	at org.testng.TestRunner.privateRun(TestRunner.java:767)
	at org.testng.TestRunner.run(TestRunner.java:617)
	at org.testng.SuiteRunner.runTest(SuiteRunner.java:334)
	at org.testng.SuiteRunner.runSequentially(SuiteRunner.java:329)
	at org.testng.SuiteRunner.privateRun(SuiteRunner.java:291)
	at org.testng.SuiteRunner.run(SuiteRunner.java:240)
	at org.testng.SuiteRunnerWorker.runSuite(SuiteRunnerWorker.java:52)
	at org.testng.SuiteRunnerWorker.run(SuiteRunnerWorker.java:86)
	at org.testng.TestNG.runSuitesSequentially(TestNG.java:1198)
	at org.testng.TestNG.runSuitesLocally(TestNG.java:1123)
	at org.testng.TestNG.run(TestNG.java:1031)
	at org.testng.remote.AbstractRemoteTestNG.run(AbstractRemoteTestNG.java:132)
	at org.testng.remote.RemoteTestNG.initAndRun(RemoteTestNG.java:236)
	at org.testng.remote.RemoteTestNG.main(RemoteTestNG.java:81)
]]>
            </full-stacktrace>
          </exception> <!-- org.testng.SkipException -->
          <reporter-output>
          </reporter-output>
        </test-method> <!-- testC -->
        <test-method status="PASS" signature="quit()[pri:0, instance:com.qtpselenium.core.ddf.testcases.DummyTestC@20d3d15a]" name="quit" is-config="true" duration-ms="5225" started-at="2017-04-13T09:28:17Z" finished-at="2017-04-13T09:28:23Z">
          <reporter-output>
          </reporter-output>
        </test-method> <!-- quit -->
        <test-method status="PASS" signature="testC(java.util.Hashtable)[pri:0, instance:com.qtpselenium.core.ddf.testcases.DummyTestC@20d3d15a]" name="testC" duration-ms="4245" started-at="2017-04-13T09:28:23Z" data-provider="getData" finished-at="2017-04-13T09:28:27Z">
          <params>
            <param index="0">
              <value>
                <![CDATA[{ColA=C13, Runmode=Y, ColB=C14}]]>
              </value>
            </param>
          </params>
          <reporter-output>
          </reporter-output>
        </test-method> <!-- testC -->
        <test-method status="PASS" signature="quit()[pri:0, instance:com.qtpselenium.core.ddf.testcases.DummyTestC@20d3d15a]" name="quit" is-config="true" duration-ms="6665" started-at="2017-04-13T09:28:27Z" finished-at="2017-04-13T09:28:33Z">
          <reporter-output>
          </reporter-output>
        </test-method> <!-- quit -->
        <test-method status="SKIP" signature="testC(java.util.Hashtable)[pri:0, instance:com.qtpselenium.core.ddf.testcases.DummyTestC@20d3d15a]" name="testC" duration-ms="4" started-at="2017-04-13T09:28:33Z" data-provider="getData" finished-at="2017-04-13T09:28:33Z">
          <params>
            <param index="0">
              <value>
                <![CDATA[{ColA=C15, Runmode=N, ColB=C16}]]>
              </value>
            </param>
          </params>
          <exception class="org.testng.SkipException">
            <message>
              <![CDATA[Skipping the test as runmode is N]]>
            </message>
            <full-stacktrace>
              <![CDATA[org.testng.SkipException: Skipping the test as runmode is N
	at com.qtpselenium.core.ddf.testcases.DummyTestC.testC(DummyTestC.java:35)
	at sun.reflect.NativeMethodAccessorImpl.invoke0(Native Method)
	at sun.reflect.NativeMethodAccessorImpl.invoke(Unknown Source)
	at sun.reflect.DelegatingMethodAccessorImpl.invoke(Unknown Source)
	at java.lang.reflect.Method.invoke(Unknown Source)
	at org.testng.internal.MethodInvocationHelper.invokeMethod(MethodInvocationHelper.java:80)
	at org.testng.internal.Invoker.invokeMethod(Invoker.java:714)
	at org.testng.internal.Invoker.invokeTestMethod(Invoker.java:901)
	at org.testng.internal.Invoker.invokeTestMethods(Invoker.java:1231)
	at org.testng.internal.TestMethodWorker.invokeTestMethods(TestMethodWorker.java:127)
	at org.testng.internal.TestMethodWorker.run(TestMethodWorker.java:111)
	at org.testng.TestRunner.privateRun(TestRunner.java:767)
	at org.testng.TestRunner.run(TestRunner.java:617)
	at org.testng.SuiteRunner.runTest(SuiteRunner.java:334)
	at org.testng.SuiteRunner.runSequentially(SuiteRunner.java:329)
	at org.testng.SuiteRunner.privateRun(SuiteRunner.java:291)
	at org.testng.SuiteRunner.run(SuiteRunner.java:240)
	at org.testng.SuiteRunnerWorker.runSuite(SuiteRunnerWorker.java:52)
	at org.testng.SuiteRunnerWorker.run(SuiteRunnerWorker.java:86)
	at org.testng.TestNG.runSuitesSequentially(TestNG.java:1198)
	at org.testng.TestNG.runSuitesLocally(TestNG.java:1123)
	at org.testng.TestNG.run(TestNG.java:1031)
	at org.testng.remote.AbstractRemoteTestNG.run(AbstractRemoteTestNG.java:132)
	at org.testng.remote.RemoteTestNG.initAndRun(RemoteTestNG.java:236)
	at org.testng.remote.RemoteTestNG.main(RemoteTestNG.java:81)
]]>
            </full-stacktrace>
          </exception> <!-- org.testng.SkipException -->
          <reporter-output>
          </reporter-output>
        </test-method> <!-- testC -->
        <test-method status="PASS" signature="quit()[pri:0, instance:com.qtpselenium.core.ddf.testcases.DummyTestC@20d3d15a]" name="quit" is-config="true" duration-ms="5317" started-at="2017-04-13T09:28:33Z" finished-at="2017-04-13T09:28:39Z">
          <reporter-output>
          </reporter-output>
        </test-method> <!-- quit -->
      </class> <!-- com.qtpselenium.core.ddf.testcases.DummyTestC -->
    </test> <!-- TestC -->
  </suite> <!-- SuiteName -->
</testng-results>
