<?xml version="1.0" encoding="UTF-8"?>
<!-- Generated by org.testng.reporters.JUnitXMLReporter -->
<testsuite hostname="DESKTOP-HAHT87R" name="TestA" tests="3" failures="1" timestamp="13 Apr 2017 03:57:05 GMT" time="0.152" errors="0">
  <testcase name="testA1" time="0.051" classname="com.qtpselenium.core.ddf.testcases.DummyTestA">
    <failure type="java.lang.AssertionError" message="null">
      <![CDATA[java.lang.AssertionError: null
	at com.qtpselenium.core.ddf.testcases.DummyTestA.testA1(DummyTestA.java:23)
... Removed 26 stack frames]]>
    </failure>
  </testcase> <!-- testA1 -->
  <testcase name="testA2" time="0.002" classname="com.qtpselenium.core.ddf.testcases.DummyTestA">
    <skipped/>
  </testcase> <!-- testA2 -->
  <testcase name="testA3" time="0.001" classname="com.qtpselenium.core.ddf.testcases.DummyTestA">
    <skipped/>
  </testcase> <!-- testA3 -->
</testsuite> <!-- TestA -->
